2022/12/25 06:22:55 AzcopyVersion  10.16.2
2022/12/25 06:22:55 OS-Environment  windows
2022/12/25 06:22:55 OS-Architecture  amd64
2022/12/25 06:22:55 Log times are in UTC. Local time is 25 Dec 2022 11:52:55
2022/12/25 06:22:56 ISO 8601 START TIME: to copy files that changed before or after this job started, use the parameter --include-before=2022-12-25T06:22:50Z or --include-after=2022-12-25T06:22:50Z
2022/12/25 06:22:57 Any empty folders will not be processed, because source and/or destination doesn't have full folder support
2022/12/25 06:22:57 Job-Command copy https://pavan20032000.blob.core.windows.net/landingprivate/Order-xsqk4E7OcD.csv?se=2022-12-27t14%3A17%3A35z&sig=-REDACTED-&sp=rwdlacyx&spr=https%2Chttp&srt=sco&ss=b&st=2022-12-25t06%3A17%3A35z&sv=2021-06-08 C:\Users\gpava\AppData\Local\Temp\16719493683352\Order-xsqk4E7OcD.csv --output-type=json --cancel-from-stdin --overwrite=prompt --check-md5 FailIfDifferent --from-to=BlobLocal --blob-type BlockBlob --recursive --log-level=INFO 
2022/12/25 06:22:57 Number of CPUs: 16
2022/12/25 06:22:57 Max file buffer RAM 8.000 GB
2022/12/25 06:22:57 Max concurrent network operations:  will be dynamically tuned up to 3000 (Based on auto-tuning limit. Set AZCOPY_CONCURRENCY_VALUE environment variable to override)
2022/12/25 06:22:57 Check CPU usage when dynamically tuning concurrency: true (Based on hard-coded default. Set AZCOPY_TUNE_TO_CPU environment variable to true or false override)
2022/12/25 06:22:57 Max concurrent transfer initiation routines: 64 (Based on hard-coded default. Set AZCOPY_CONCURRENT_FILES environment variable to override)
2022/12/25 06:22:57 Max enumeration routines: 16 (Based on hard-coded default. Set AZCOPY_CONCURRENT_SCAN environment variable to override)
2022/12/25 06:22:57 Parallelize getting file properties (file.Stat): false (Based on AZCOPY_PARALLEL_STAT_FILES environment variable)
2022/12/25 06:22:57 Max open files when downloading: 2147479959 (auto-computed)
2022/12/25 06:22:57 Final job part has been created
2022/12/25 06:22:57 Trying 4 concurrent connections (initial starting point)
2022/12/25 06:22:57 JobID=29e3e2b8-7a74-1c4d-4848-2a958641ee02, credential type: Anonymous
2022/12/25 06:22:57 scheduling JobID=29e3e2b8-7a74-1c4d-4848-2a958641ee02, Part#=0, Transfer#=0, priority=0
2022/12/25 06:22:57 Final job part has been scheduled
2022/12/25 06:22:57 INFO: [P#0-T#0] has worker 8 which is processing TRANSFER 0
2022/12/25 06:22:59 ==> REQUEST/RESPONSE (Try=1/489.263ms, OpTime=1.2088329s) -- RESPONSE SUCCESSFULLY RECEIVED
   GET https://pavan20032000.blob.core.windows.net/landingprivate/Order-xsqk4E7OcD.csv?se=2022-12-27T14%3A17%3A35Z&sig=-REDACTED-&sp=rwdlacyx&spr=https%2Chttp&srt=sco&ss=b&st=2022-12-25T06%3A17%3A35Z&sv=2021-06-08&timeout=901
   X-Ms-Request-Id: [40a0c59f-601e-0003-0929-182bd9000000]

2022/12/25 06:22:59 INFO: [P#0-T#0] DOWNLOADSUCCESSFUL: \\?\C:\Users\gpava\AppData\Local\Temp\16719493683352\Order-xsqk4E7OcD.csv
2022/12/25 06:22:59 JobID=29e3e2b8-7a74-1c4d-4848-2a958641ee02, Part#=0, TransfersDone=1 of 1
2022/12/25 06:22:59 all parts of entire Job 29e3e2b8-7a74-1c4d-4848-2a958641ee02 successfully completed, cancelled or paused
2022/12/25 06:22:59 is part of Job which 1 total number of parts done 
2022/12/25 06:22:59 PERF: primary performance constraint is Unknown. States: C:  0, R:  0, W:  0, F:  0, H:  0, B:  0, S:  0, P:  0, Q:  0, D:  0, E:  0, T:  0, GRs:  4
2022/12/25 06:22:59 100.0 %, 1 Done, 0 Failed, 0 Pending, 0 Skipped, 1 Total, 2-sec Throughput (Mb/s): 0.4141
